\BOOKMARK [1][-]{section.1}{\376\377\000B\000a\000s\000i\000c\000\040\000A\000l\000g\000e\000b\000r\000a\000i\000c\000\040\000L\000a\000n\000g\000u\000a\000g\000e}{}% 1
\BOOKMARK [2][-]{subsection.1.1}{\376\377\000O\000p\000e\000r\000a\000t\000i\000o\000n\000s\000\040\000a\000n\000d\000\040\000C\000o\000m\000p\000o\000s\000i\000t\000i\000o\000n}{section.1}% 2
\BOOKMARK [2][-]{subsection.1.2}{\376\377\000A\000b\000e\000l\000i\000a\000n\000:\000\040\000O\000r\000d\000e\000r\000\040\000D\000o\000e\000s\000\040\000N\000o\000t\000\040\000M\000a\000t\000t\000e\000r}{section.1}% 3
\BOOKMARK [2][-]{subsection.1.3}{\376\377\000I\000s\000o\000t\000r\000o\000p\000i\000c\000:\000\040\000N\000o\000\040\000P\000r\000e\000f\000e\000r\000r\000e\000d\000\040\000D\000i\000r\000e\000c\000t\000i\000o\000n}{section.1}% 4
\BOOKMARK [2][-]{subsection.1.4}{\376\377\000I\000d\000e\000m\000p\000o\000t\000e\000n\000t\000:\000\040\000O\000n\000c\000e\000\040\000I\000s\000\040\000E\000n\000o\000u\000g\000h}{section.1}% 5
\BOOKMARK [2][-]{subsection.1.5}{\376\377\000I\000d\000e\000m\000p\000o\000t\000e\000n\000t\000\040\000V\000e\000r\000s\000u\000s\000\040\000S\000e\000l\000f\000-\000I\000n\000v\000e\000r\000s\000e}{section.1}% 6
\BOOKMARK [1][-]{section.2}{\376\377\000P\000r\000o\000j\000e\000c\000t\000i\000o\000n\000\040\000O\000p\000e\000r\000a\000t\000o\000r\000s}{}% 7
\BOOKMARK [2][-]{subsection.2.1}{\376\377\000E\000i\000g\000e\000n\000v\000a\000l\000u\000e\000s\000\040\000o\000f\000\040\000a\000n\000\040\000I\000d\000e\000m\000p\000o\000t\000e\000n\000t}{section.2}% 8
\BOOKMARK [1][-]{section.3}{\376\377\000Q\000u\000a\000n\000t\000u\000m\000\040\000S\000t\000a\000t\000e\000s\000\040\000a\000n\000d\000\040\000I\000d\000e\000n\000t\000i\000c\000a\000l\000\040\000P\000a\000r\000t\000i\000c\000l\000e\000s}{}% 9
\BOOKMARK [1][-]{section.4}{\376\377\000T\000h\000e\000\040\000E\000x\000c\000h\000a\000n\000g\000e\000\040\000O\000p\000e\000r\000a\000t\000o\000r}{}% 10
\BOOKMARK [1][-]{section.5}{\376\377\000D\000e\000r\000i\000v\000i\000n\000g\000\040\000p\000\040\000s\000q\000u\000a\000r\000e\000d\000\040\000e\000q\000u\000a\000l\000s\000\040\0001}{}% 11
\BOOKMARK [1][-]{section.6}{\376\377\000B\000o\000s\000o\000n\000s\000:\000\040\000S\000y\000m\000m\000e\000t\000r\000i\000c\000\040\000E\000x\000c\000h\000a\000n\000g\000e}{}% 12
\BOOKMARK [2][-]{subsection.6.1}{\376\377\000P\000h\000y\000s\000i\000c\000a\000l\000\040\000I\000n\000t\000u\000i\000t\000i\000o\000n}{section.6}% 13
\BOOKMARK [1][-]{section.7}{\376\377\000F\000e\000r\000m\000i\000o\000n\000s\000:\000\040\000A\000n\000t\000i\000s\000y\000m\000m\000e\000t\000r\000i\000c\000\040\000E\000x\000c\000h\000a\000n\000g\000e}{}% 14
\BOOKMARK [2][-]{subsection.7.1}{\376\377\000T\000h\000e\000\040\000P\000a\000u\000l\000i\000\040\000E\000x\000c\000l\000u\000s\000i\000o\000n\000\040\000P\000r\000i\000n\000c\000i\000p\000l\000e}{section.7}% 15
\BOOKMARK [1][-]{section.8}{\376\377\000P\000r\000o\000j\000e\000c\000t\000i\000o\000n\000\040\000o\000n\000t\000o\000\040\000B\000o\000s\000o\000n\000i\000c\000\040\000a\000n\000d\000\040\000F\000e\000r\000m\000i\000o\000n\000i\000c\000\040\000S\000u\000b\000s\000p\000a\000c\000e\000s}{}% 16
\BOOKMARK [1][-]{section.9}{\376\377\000S\000p\000i\000n\000\040\000a\000n\000d\000\040\000S\000t\000a\000t\000i\000s\000t\000i\000c\000s}{}% 17
\BOOKMARK [1][-]{section.10}{\376\377\000M\000a\000t\000t\000e\000r\000\040\000a\000n\000d\000\040\000F\000o\000r\000c\000e\000s\000\040\000a\000s\000\040\000E\000x\000c\000h\000a\000n\000g\000e\000\040\000B\000e\000h\000a\000v\000i\000o\000r\000s}{}% 18
\BOOKMARK [2][-]{subsection.10.1}{\376\377\000F\000e\000r\000m\000i\000o\000n\000s\000\040\000C\000r\000e\000a\000t\000e\000\040\000S\000e\000p\000a\000r\000a\000t\000e\000n\000e\000s\000s}{section.10}% 19
\BOOKMARK [2][-]{subsection.10.2}{\376\377\000B\000o\000s\000o\000n\000s\000\040\000C\000r\000e\000a\000t\000e\000\040\000C\000o\000h\000e\000r\000e\000n\000c\000e}{section.10}% 20
\BOOKMARK [2][-]{subsection.10.3}{\376\377\000A\000\040\000U\000s\000e\000f\000u\000l\000\040\000I\000n\000t\000u\000i\000t\000i\000o\000n}{section.10}% 21
\BOOKMARK [1][-]{section.11}{\376\377\000W\000h\000y\000\040\000T\000h\000r\000e\000e\000\040\000D\000i\000m\000e\000n\000s\000i\000o\000n\000s\000\040\000G\000i\000v\000e\000\040\000O\000n\000l\000y\000\040\000B\000o\000s\000o\000n\000s\000\040\000a\000n\000d\000\040\000F\000e\000r\000m\000i\000o\000n\000s}{}% 22
\BOOKMARK [1][-]{section.12}{\376\377\000T\000h\000e\000\040\000T\000w\000o\000-\000D\000i\000m\000e\000n\000s\000i\000o\000n\000a\000l\000\040\000L\000o\000o\000p\000h\000o\000l\000e\000:\000\040\000A\000n\000y\000o\000n\000s}{}% 23
\BOOKMARK [2][-]{subsection.12.1}{\376\377\000B\000o\000s\000o\000n\000s\000\040\000a\000n\000d\000\040\000F\000e\000r\000m\000i\000o\000n\000s\000\040\000a\000s\000\040\000S\000p\000e\000c\000i\000a\000l\000\040\000C\000a\000s\000e\000s}{section.12}% 24
\BOOKMARK [1][-]{section.13}{\376\377\000A\000b\000e\000l\000i\000a\000n\000\040\000A\000n\000y\000o\000n\000s}{}% 25
\BOOKMARK [1][-]{section.14}{\376\377\000N\000o\000n\000-\000A\000b\000e\000l\000i\000a\000n\000\040\000A\000n\000y\000o\000n\000s}{}% 26
\BOOKMARK [1][-]{section.15}{\376\377\000E\000x\000p\000e\000r\000i\000m\000e\000n\000t\000a\000l\000\040\000S\000t\000a\000t\000u\000s\000\040\000o\000f\000\040\000A\000n\000y\000o\000n\000s}{}% 27
\BOOKMARK [1][-]{section.16}{\376\377\000S\000m\000o\000o\000t\000h\000l\000y\000\040\000I\000n\000t\000e\000r\000p\000o\000l\000a\000t\000i\000n\000g\000\040\000B\000e\000t\000w\000e\000e\000n\000\040\000`\000`\000S\000t\000u\000f\000f\000'\000'\000\040\000a\000n\000d\000\040\000`\000`\000F\000o\000r\000c\000e\000s\000'\000'}{}% 28
\BOOKMARK [1][-]{section.17}{\376\377\000C\000o\000n\000c\000e\000p\000t\000u\000a\000l\000\040\000S\000u\000m\000m\000a\000r\000y}{}% 29
\BOOKMARK [1][-]{section.18}{\376\377\000S\000u\000g\000g\000e\000s\000t\000e\000d\000\040\000F\000u\000r\000t\000h\000e\000r\000\040\000R\000e\000a\000d\000i\000n\000g}{}% 30
